android/app/build/intermediates/manifest_merge_blame_file/release/manifest-merger-blame-release-report.txt
1<?xml version="1.0" encoding="utf-8"?>
2<manifest xmlns:android="http://schemas.android.com/apk/res/android"
3    package="com.baresdk" >
4
5    <uses-sdk android:minSdkVersion="21" />
5-->src/main/AndroidManifest.xml
6
7    <uses-permission android:name="android.permission.INTERNET" />
7-->src/main/AndroidManifest.xml:3:5-67
7-->src/main/AndroidManifest.xml:3:22-64
8
9    <application
9-->src/main/AndroidManifest.xml:5:5-22:19
10        android:name="com.baresdk.MainApplication"
10-->src/main/AndroidManifest.xml:6:7-38
11        android:icon="@mipmap/ic_launcher"
11-->src/main/AndroidManifest.xml:8:7-41
12        android:label="@string/app_name"
12-->src/main/AndroidManifest.xml:7:7-39
13        android:roundIcon="@mipmap/ic_launcher_round" >
13-->src/main/AndroidManifest.xml:9:7-52
14        <activity
14-->src/main/AndroidManifest.xml:10:7-21:18
15            android:name="com.baresdk.MainActivity"
15-->src/main/AndroidManifest.xml:11:9-37
16            android:configChanges="keyboard|keyboardHidden|orientation|screenLayout|screenSize|smallestScreenSize|uiMode"
16-->src/main/AndroidManifest.xml:12:9-118
17            android:exported="true"
17-->src/main/AndroidManifest.xml:16:9-32
18            android:launchMode="singleTask"
18-->src/main/AndroidManifest.xml:13:9-40
19            android:usesCleartextTraffic="true"
19-->src/main/AndroidManifest.xml:14:11-46
20            android:windowSoftInputMode="adjustResize" >
20-->src/main/AndroidManifest.xml:15:9-51
21
22            <!-- <intent-filter> -->
23            <!-- <action android:name="android.intent.action.MAIN" /> -->
24            <!-- <category android:name="android.intent.category.LAUNCHER" /> -->
25            <!-- </intent-filter> -->
26        </activity>
27    </application>
28
29</manifest>